<?xml version="1.0" encoding="UTF-8"?>
<testsuite name="org.example.ReflectionTest" tests="1" skipped="0" failures="0" errors="0" timestamp="2022-09-26T04:48:39" hostname="jeongmugon-ui-MacBookPro.local" time="0.038">
  <properties/>
  <testcase name="load()" classname="org.example.ReflectionTest" time="0.038"/>
  <system-out><![CDATA[]]></system-out>
  <system-err><![CDATA[]]></system-err>
</testsuite>
